2024-03-15 12:26:32,103 task INFO:select dataset: mnist
2024-03-15 12:26:32,481 task INFO:select model: rnn, model args: {'class_num': 10, 'hidden_size': 128}
2024-03-15 12:26:32,482 task INFO:optimizer: adam, learning rate: 0.001
2024-03-15 12:26:33,565 task INFO:start train...
2024-03-15 12:26:33,567 task DEBUG:epoch_0 start...
2024-03-15 12:26:34,419 task INFO:Epoch: 1, loss = 2.303074
2024-03-15 12:26:35,505 task INFO:Epoch: 1, loss = 2.302536
2024-03-15 12:26:36,594 task INFO:Epoch: 1, loss = 2.302503
2024-03-15 12:26:37,617 task INFO:Epoch: 1, loss = 2.303519
2024-03-15 12:26:38,694 task INFO:Epoch: 1, loss = 2.301932
2024-03-15 12:26:39,801 task INFO:Epoch: 1, loss = 2.302269
2024-03-15 12:26:40,834 task INFO:Epoch: 1, loss = 2.302825
2024-03-15 12:26:41,877 task INFO:Epoch: 1, loss = 2.303319
2024-03-15 12:26:42,944 task INFO:Epoch: 1, loss = 2.301711
2024-03-15 12:26:43,995 task INFO:Epoch: 1, loss = 2.301813
2024-03-15 12:26:45,012 task INFO:Epoch: 1, loss = 2.303264
2024-03-15 12:26:46,104 task INFO:Epoch: 1, loss = 2.301870
2024-03-15 12:26:47,191 task INFO:Epoch: 1, loss = 2.303157
2024-03-15 12:26:48,231 task INFO:Epoch: 1, loss = 2.303727
2024-03-15 12:26:48,981 task INFO:Epoch: 1, loss = 2.302004
2024-03-15 12:26:49,214 task DEBUG:epoch_1 start...
2024-03-15 12:26:49,981 task INFO:Epoch: 2, loss = 2.301860
2024-03-15 12:26:50,996 task INFO:Epoch: 2, loss = 2.301224
2024-03-15 12:26:52,011 task INFO:Epoch: 2, loss = 2.301443
2024-03-15 12:26:53,084 task INFO:Epoch: 2, loss = 2.301994
2024-03-15 12:26:54,088 task INFO:Epoch: 2, loss = 2.300787
2024-03-15 12:26:55,106 task INFO:Epoch: 2, loss = 2.301683
2024-03-15 12:26:56,126 task INFO:Epoch: 2, loss = 2.301620
2024-03-15 12:26:57,151 task INFO:Epoch: 2, loss = 2.301960
2024-03-15 12:26:58,168 task INFO:Epoch: 2, loss = 2.300942
2024-03-15 12:26:59,312 task INFO:Epoch: 2, loss = 2.301124
2024-03-15 12:27:00,363 task INFO:Epoch: 2, loss = 2.301830
2024-03-15 12:27:01,405 task INFO:Epoch: 2, loss = 2.301301
2024-03-15 12:27:02,536 task INFO:Epoch: 2, loss = 2.302023
2024-03-15 12:27:03,596 task INFO:Epoch: 2, loss = 2.303013
2024-03-15 12:27:04,362 task INFO:Epoch: 2, loss = 2.301176
2024-03-15 12:27:04,543 task DEBUG:epoch_2 start...
2024-03-15 12:27:05,303 task INFO:Epoch: 3, loss = 2.301220
2024-03-15 12:27:06,405 task INFO:Epoch: 3, loss = 2.300433
2024-03-15 12:27:07,475 task INFO:Epoch: 3, loss = 2.300952
2024-03-15 12:27:08,597 task INFO:Epoch: 3, loss = 2.301059
2024-03-15 12:27:09,680 task INFO:Epoch: 3, loss = 2.300403
2024-03-15 12:27:10,678 task INFO:Epoch: 3, loss = 2.301644
2024-03-15 12:27:11,687 task INFO:Epoch: 3, loss = 2.301149
2024-03-15 12:27:12,696 task INFO:Epoch: 3, loss = 2.301445
2024-03-15 12:27:13,777 task INFO:Epoch: 3, loss = 2.300823
2024-03-15 12:27:14,777 task INFO:Epoch: 3, loss = 2.301093
2024-03-15 12:27:15,790 task INFO:Epoch: 3, loss = 2.301232
2024-03-15 12:27:16,802 task INFO:Epoch: 3, loss = 2.301291
2024-03-15 12:27:17,837 task INFO:Epoch: 3, loss = 2.301631
2024-03-15 12:27:18,966 task INFO:Epoch: 3, loss = 2.302877
2024-03-15 12:27:19,959 task INFO:Epoch: 3, loss = 2.300884
2024-03-15 12:27:20,143 task DEBUG:epoch_3 start...
2024-03-15 12:27:20,955 task INFO:Epoch: 4, loss = 2.301152
2024-03-15 12:27:21,969 task INFO:Epoch: 4, loss = 2.300170
2024-03-15 12:27:22,983 task INFO:Epoch: 4, loss = 2.300869
2024-03-15 12:27:24,008 task INFO:Epoch: 4, loss = 2.300855
2024-03-15 12:27:25,109 task INFO:Epoch: 4, loss = 2.300473
2024-03-15 12:27:26,129 task INFO:Epoch: 4, loss = 2.301742
2024-03-15 12:27:27,216 task INFO:Epoch: 4, loss = 2.301129
2024-03-15 12:27:28,263 task INFO:Epoch: 4, loss = 2.301462
2024-03-15 12:27:29,310 task INFO:Epoch: 4, loss = 2.300887
2024-03-15 12:27:30,371 task INFO:Epoch: 4, loss = 2.301131
2024-03-15 12:27:31,600 task INFO:Epoch: 4, loss = 2.301145
2024-03-15 12:27:32,882 task INFO:Epoch: 4, loss = 2.301280
2024-03-15 12:27:34,097 task INFO:Epoch: 4, loss = 2.301546
2024-03-15 12:27:35,289 task INFO:Epoch: 4, loss = 2.302824
2024-03-15 12:27:36,288 task INFO:Epoch: 4, loss = 2.300748
2024-03-15 12:27:36,611 task DEBUG:epoch_4 start...
2024-03-15 12:27:37,462 task INFO:Epoch: 5, loss = 2.301115
2024-03-15 12:27:38,755 task INFO:Epoch: 5, loss = 2.300097
2024-03-15 12:27:39,880 task INFO:Epoch: 5, loss = 2.300834
2024-03-15 12:27:40,982 task INFO:Epoch: 5, loss = 2.300875
2024-03-15 12:27:42,183 task INFO:Epoch: 5, loss = 2.300535
2024-03-15 12:27:43,445 task INFO:Epoch: 5, loss = 2.301754
2024-03-15 12:27:44,514 task INFO:Epoch: 5, loss = 2.301135
2024-03-15 12:27:45,534 task INFO:Epoch: 5, loss = 2.301486
2024-03-15 12:27:46,555 task INFO:Epoch: 5, loss = 2.300901
2024-03-15 12:27:47,580 task INFO:Epoch: 5, loss = 2.301113
2024-03-15 12:27:48,600 task INFO:Epoch: 5, loss = 2.301135
2024-03-15 12:27:49,623 task INFO:Epoch: 5, loss = 2.301250
2024-03-15 12:27:50,706 task INFO:Epoch: 5, loss = 2.301538
2024-03-15 12:27:51,718 task INFO:Epoch: 5, loss = 2.302790
2024-03-15 12:27:52,480 task INFO:Epoch: 5, loss = 2.300708
2024-03-15 12:27:52,737 task INFO:start test...
2024-03-15 12:27:53,950 task INFO:loss = 2.301342
2024-03-15 12:27:54,751 task INFO:loss = 2.301131
2024-03-15 12:27:55,120 task INFO:loss = 2.299831
2024-03-15 12:27:57,315 task INFO:acc score is: 0.1135
